\BOOKMARK [0][-]{chapter*.1}{\376\377\000A\000b\000s\000t\000r\000a\000c\000t}{}% 1
\BOOKMARK [0][-]{chapter*.2}{\376\377\000I\000n\000t\000r\000o\000d\000u\000c\000t\000i\000o\000n}{}% 2
\BOOKMARK [0][-]{chapter.1}{\376\377\000\040\000F\000o\000u\000n\000d\000a\000t\000i\000o\000n\000s\000\040\000o\000f\000\040\000D\000u\000a\000l\000\040\000S\000t\000a\000t\000e\000\040\000E\000c\000o\000n\000o\000m\000i\000c\000\040\000T\000h\000e\000o\000r\000y}{}% 3
\BOOKMARK [1][-]{section.1.1}{\376\377\000K\000e\000y\000\040\000C\000o\000n\000c\000e\000p\000t\000s}{chapter.1}% 4
\BOOKMARK [1][-]{section.1.2}{\376\377\000I\000n\000t\000r\000o\000d\000u\000c\000t\000i\000o\000n}{chapter.1}% 5
\BOOKMARK [1][-]{section.1.3}{\376\377\000T\000h\000e\000\040\000D\000u\000a\000l\000-\000S\000t\000a\000t\000e\000\040\000F\000r\000a\000m\000e\000w\000o\000r\000k}{chapter.1}% 6
\BOOKMARK [1][-]{section.1.4}{\376\377\000T\000h\000e\000\040\000G\000o\000l\000d\000\040\000P\000a\000r\000a\000d\000o\000x}{chapter.1}% 7
\BOOKMARK [1][-]{section.1.5}{\376\377\000T\000r\000u\000s\000t\000\040\000a\000s\000\040\000B\000i\000n\000d\000i\000n\000g\000\040\000E\000n\000e\000r\000g\000y}{chapter.1}% 8
\BOOKMARK [1][-]{section.1.6}{\376\377\000T\000h\000e\000\040\000N\000o\000n\000-\000N\000e\000u\000t\000r\000a\000l\000i\000t\000y\000\040\000o\000f\000\040\000M\000o\000n\000e\000y}{chapter.1}% 9
\BOOKMARK [1][-]{section.1.7}{\376\377\000T\000h\000e\000\040\000P\000o\000i\000n\000t\000e\000r\000\040\000A\000r\000c\000h\000i\000t\000e\000c\000t\000u\000r\000e\000\040\000o\000f\000\040\000V\000a\000l\000u\000e}{chapter.1}% 10
\BOOKMARK [1][-]{section.1.8}{\376\377\000V\000a\000l\000u\000e\000\040\000C\000o\000n\000s\000e\000r\000v\000a\000t\000i\000o\000n\000\040\000a\000n\000d\000\040\000D\000i\000s\000t\000o\000r\000t\000i\000o\000n}{chapter.1}% 11
\BOOKMARK [1][-]{section.1.9}{\376\377\000C\000o\000l\000l\000a\000p\000s\000e\000\040\000a\000n\000d\000\040\000R\000e\000d\000e\000m\000p\000t\000i\000o\000n}{chapter.1}% 12
\BOOKMARK [1][-]{section.1.10}{\376\377\000F\000o\000u\000n\000d\000a\000t\000i\000o\000n\000a\000l\000\040\000A\000x\000i\000o\000m\000s}{chapter.1}% 13
\BOOKMARK [0][-]{chapter.2}{\376\377\000\040\000T\000h\000e\000\040\000T\000r\000u\000s\000t\000-\000V\000a\000l\000u\000e\000\040\000E\000n\000g\000i\000n\000e}{}% 14
\BOOKMARK [1][-]{section.2.1}{\376\377\000K\000e\000y\000\040\000C\000o\000n\000c\000e\000p\000t\000s}{chapter.2}% 15
\BOOKMARK [1][-]{section.2.2}{\376\377\000T\000h\000e\000\040\000T\000r\000u\000s\000t\000-\000V\000a\000l\000u\000e\000\040\000B\000a\000l\000a\000n\000c\000e\000\040\000S\000h\000e\000e\000t}{chapter.2}% 16
\BOOKMARK [1][-]{section.2.3}{\376\377\000D\000y\000n\000a\000m\000i\000c\000\040\000V\000a\000l\000u\000e\000\040\000C\000r\000e\000a\000t\000i\000o\000n}{chapter.2}% 17
\BOOKMARK [1][-]{section.2.4}{\376\377\000T\000h\000e\000\040\000V\000a\000l\000u\000a\000t\000i\000o\000n\000\040\000S\000t\000a\000t\000e\000\040\000F\000u\000n\000c\000t\000i\000o\000n\000\040\000\050\000V\000S\000F\000\051}{chapter.2}% 18
\BOOKMARK [1][-]{section.2.5}{\376\377\000B\000e\000y\000o\000n\000d\000\040\000E\000c\000o\000n\000o\000m\000i\000c\000s\000:\000\040\000M\000o\000r\000a\000l\000-\000E\000c\000o\000n\000o\000m\000i\000c\000\040\000S\000y\000m\000m\000e\000t\000r\000y}{chapter.2}% 19
\BOOKMARK [1][-]{section.2.6}{\376\377\000T\000h\000e\000\040\000M\000e\000a\000s\000u\000r\000e\000m\000e\000n\000t\000\040\000F\000i\000e\000l\000d\000\040\000D\000y\000n\000a\000m\000i\000c\000s}{chapter.2}% 20
\BOOKMARK [1][-]{section.2.7}{\376\377\000S\000y\000s\000t\000e\000m\000\040\000F\000e\000e\000d\000b\000a\000c\000k\000\040\000L\000o\000o\000p\000s}{chapter.2}% 21
\BOOKMARK [0][-]{chapter.3}{\376\377\000\040\000T\000h\000e\000\040\000L\000i\000f\000e\000c\000y\000c\000l\000e\000\040\000o\000f\000\040\000V\000a\000l\000u\000e}{}% 22
\BOOKMARK [1][-]{section.3.1}{\376\377\000K\000e\000y\000\040\000C\000o\000n\000c\000e\000p\000t\000s}{chapter.3}% 23
\BOOKMARK [1][-]{section.3.2}{\376\377\000I\000n\000t\000r\000o\000d\000u\000c\000t\000i\000o\000n}{chapter.3}% 24
\BOOKMARK [1][-]{section.3.3}{\376\377\000G\000e\000n\000e\000s\000i\000s\000:\000\040\000T\000h\000e\000\040\000B\000i\000r\000t\000h\000\040\000o\000f\000\040\000P\000o\000t\000e\000n\000t\000i\000a\000l\000\040\000V\000a\000l\000u\000e}{chapter.3}% 25
\BOOKMARK [1][-]{section.3.4}{\376\377\000K\000i\000n\000e\000t\000i\000c\000\040\000P\000h\000a\000s\000e\000:\000\040\000V\000a\000l\000u\000e\000\040\000i\000n\000\040\000M\000o\000t\000i\000o\000n}{chapter.3}% 26
\BOOKMARK [1][-]{section.3.5}{\376\377\000R\000e\000t\000u\000r\000n\000\040\000t\000o\000\040\000P\000o\000t\000e\000n\000t\000i\000a\000l\000:\000\040\000T\000h\000e\000\040\000C\000y\000c\000l\000e\000\040\000C\000o\000n\000t\000i\000n\000u\000e\000s}{chapter.3}% 27
\BOOKMARK [1][-]{section.3.6}{\376\377\000F\000a\000i\000l\000u\000r\000e\000\040\000M\000o\000d\000e\000s}{chapter.3}% 28
\BOOKMARK [1][-]{section.3.7}{\376\377\000T\000h\000e\000\040\000T\000e\000m\000p\000o\000r\000a\000l\000\040\000N\000a\000t\000u\000r\000e\000\040\000o\000f\000\040\000V\000a\000l\000u\000e}{chapter.3}% 29
\BOOKMARK [0][-]{chapter.4}{\376\377\000\040\000F\000l\000o\000w\000\040\000M\000e\000c\000h\000a\000n\000i\000c\000s}{}% 30
\BOOKMARK [1][-]{section.4.1}{\376\377\000K\000e\000y\000\040\000C\000o\000n\000c\000e\000p\000t\000s}{chapter.4}% 31
\BOOKMARK [1][-]{section.4.2}{\376\377\000C\000o\000l\000l\000e\000c\000t\000i\000v\000i\000s\000m\000\040\000v\000s\000.\000\040\000I\000n\000d\000i\000v\000i\000d\000u\000a\000l\000i\000s\000m\000\040\000a\000n\000d\000\040\000t\000h\000e\000\040\000P\000o\000l\000i\000t\000i\000c\000s\000\040\000o\000f\000\040\000T\000r\000u\000s\000t}{chapter.4}% 32
\BOOKMARK [1][-]{section.4.3}{\376\377\000F\000l\000o\000w\000\040\000M\000e\000c\000h\000a\000n\000i\000c\000s\040\024\000T\000r\000u\000s\000t\000\040\000i\000n\000\040\000M\000o\000t\000i\000o\000n}{chapter.4}% 33
\BOOKMARK [0][-]{chapter.5}{\376\377\000\040\000M\000e\000m\000o\000r\000y\000\040\000a\000n\000d\000\040\000M\000o\000m\000e\000n\000t\000u\000m}{}% 34
\BOOKMARK [1][-]{section.5.1}{\376\377\000K\000e\000y\000\040\000C\000a\000s\000e\000\040\000S\000t\000u\000d\000i\000e\000s}{chapter.5}% 35
\BOOKMARK [1][-]{section.5.2}{\376\377\000M\000e\000m\000o\000r\000y\000\040\000a\000n\000d\000\040\000M\000o\000m\000e\000n\000t\000u\000m\040\024\000V\000a\000l\000u\000e\000\040\000a\000s\000\040\000I\000n\000h\000e\000r\000i\000t\000e\000d\000\040\000T\000r\000u\000s\000t}{chapter.5}% 36
\BOOKMARK [0][-]{chapter.6}{\376\377\000\040\000S\000c\000a\000r\000c\000i\000t\000y\000\040\000a\000n\000d\000\040\000A\000b\000u\000n\000d\000a\000n\000c\000e}{}% 37
\BOOKMARK [1][-]{section.6.1}{\376\377\000I\000n\000t\000r\000o\000d\000u\000c\000t\000i\000o\000n}{chapter.6}% 38
\BOOKMARK [0][-]{chapter.7}{\376\377\000\040\000N\000a\000r\000r\000a\000t\000i\000v\000e\000\040\000a\000n\000d\000\040\000M\000e\000a\000n\000i\000n\000g}{}% 39
\BOOKMARK [1][-]{section.7.1}{\376\377\000K\000e\000y\000\040\000C\000o\000n\000c\000e\000p\000t\000s}{chapter.7}% 40
\BOOKMARK [0][-]{chapter.8}{\376\377\000\040\000S\000y\000s\000t\000e\000m\000s\000\040\000o\000f\000\040\000A\000c\000c\000o\000u\000n\000t\000a\000b\000i\000l\000i\000t\000y}{}% 41
\BOOKMARK [1][-]{section.8.1}{\376\377\000K\000e\000y\000\040\000C\000o\000n\000c\000e\000p\000t\000s}{chapter.8}% 42
\BOOKMARK [0][-]{chapter.9}{\376\377\000\040\000R\000i\000t\000u\000a\000l\000\040\000a\000n\000d\000\040\000S\000y\000m\000b\000o\000l}{}% 43
\BOOKMARK [1][-]{section.9.1}{\376\377\000R\000i\000t\000u\000a\000l\000\040\000a\000s\000\040\000T\000e\000m\000p\000o\000r\000a\000l\000\040\000T\000r\000u\000s\000t\000\040\000A\000r\000c\000h\000i\000t\000e\000c\000t\000u\000r\000e}{chapter.9}% 44
\BOOKMARK [1][-]{section.9.2}{\376\377\000S\000y\000m\000b\000o\000l\000\040\000a\000s\000\040\000C\000o\000m\000p\000r\000e\000s\000s\000e\000d\000\040\000V\000a\000l\000u\000e\000\040\000S\000y\000s\000t\000e\000m\000s}{chapter.9}% 45
\BOOKMARK [1][-]{section.9.3}{\376\377\000I\000n\000i\000t\000i\000a\000t\000i\000o\000n\000\040\000a\000n\000d\000\040\000t\000h\000e\000\040\000R\000e\000c\000a\000l\000i\000b\000r\000a\000t\000i\000o\000n\000\040\000o\000f\000\040\000T\000r\000u\000s\000t\000\040\000N\000e\000t\000w\000o\000r\000k\000s}{chapter.9}% 46
\BOOKMARK [1][-]{section.9.4}{\376\377\000T\000h\000e\000\040\000C\000o\000s\000t\000l\000i\000n\000e\000s\000s\000\040\000P\000r\000i\000n\000c\000i\000p\000l\000e\000:\000\040\000S\000a\000c\000r\000i\000f\000i\000c\000e\000\040\000a\000s\000\040\000T\000r\000u\000s\000t\000\040\000V\000e\000r\000i\000f\000i\000c\000a\000t\000i\000o\000n}{chapter.9}% 47
\BOOKMARK [1][-]{section.9.5}{\376\377\000S\000a\000c\000r\000e\000d\000\040\000T\000e\000m\000p\000o\000r\000a\000l\000i\000t\000y\000\040\000a\000n\000d\000\040\000t\000h\000e\000\040\000E\000c\000o\000n\000o\000m\000i\000c\000s\000\040\000o\000f\000\040\000A\000t\000t\000e\000n\000t\000i\000o\000n}{chapter.9}% 48
\BOOKMARK [1][-]{section.9.6}{\376\377\000C\000u\000r\000r\000e\000n\000c\000y\000\040\000a\000s\000\040\000E\000n\000c\000o\000d\000e\000d\000\040\000T\000r\000u\000s\000t\000\040\000S\000y\000m\000b\000o\000l}{chapter.9}% 49
\BOOKMARK [1][-]{section.9.7}{\376\377\000C\000o\000r\000p\000o\000r\000a\000t\000e\000\040\000R\000i\000t\000u\000a\000l\000\040\000a\000n\000d\000\040\000t\000h\000e\000\040\000S\000i\000m\000u\000l\000a\000t\000i\000o\000n\000\040\000o\000f\000\040\000S\000a\000c\000r\000e\000d\000\040\000C\000o\000m\000m\000u\000n\000i\000t\000y}{chapter.9}% 50
\BOOKMARK [1][-]{section.9.8}{\376\377\000T\000h\000e\000\040\000T\000r\000u\000s\000t\000\040\000D\000e\000s\000t\000r\000u\000c\000t\000i\000o\000n\000\040\000o\000f\000\040\000H\000o\000l\000l\000o\000w\000\040\000R\000i\000t\000u\000a\000l}{chapter.9}% 51
\BOOKMARK [1][-]{section.9.9}{\376\377\000S\000y\000m\000b\000o\000l\000\040\000A\000p\000p\000r\000o\000p\000r\000i\000a\000t\000i\000o\000n\000\040\000a\000n\000d\000\040\000T\000r\000u\000s\000t\000\040\000S\000y\000s\000t\000e\000m\000\040\000C\000o\000r\000r\000u\000p\000t\000i\000o\000n}{chapter.9}% 52
\BOOKMARK [1][-]{section.9.10}{\376\377\000T\000h\000e\000\040\000I\000n\000t\000e\000n\000s\000i\000f\000i\000c\000a\000t\000i\000o\000n\000\040\000E\000f\000f\000e\000c\000t\000:\000\040\000S\000c\000a\000r\000c\000i\000t\000y\000\040\000a\000n\000d\000\040\000R\000i\000t\000u\000a\000l\000\040\000P\000o\000t\000e\000n\000c\000y}{chapter.9}% 53
\BOOKMARK [1][-]{section.9.11}{\376\377\000C\000u\000l\000t\000u\000r\000a\000l\000\040\000M\000e\000m\000o\000r\000y\000\040\000a\000s\000\040\000V\000a\000l\000u\000e\000\040\000S\000t\000o\000r\000a\000g\000e\000\040\000I\000n\000f\000r\000a\000s\000t\000r\000u\000c\000t\000u\000r\000e}{chapter.9}% 54
\BOOKMARK [1][-]{section.9.12}{\376\377\000T\000h\000e\000\040\000D\000e\000g\000r\000a\000d\000a\000t\000i\000o\000n\000\040\000o\000f\000\040\000D\000i\000g\000i\000t\000a\000l\000\040\000P\000s\000e\000u\000d\000o\000-\000R\000i\000t\000u\000a\000l}{chapter.9}% 55
\BOOKMARK [1][-]{section.9.13}{\376\377\000T\000h\000e\000\040\000R\000e\000g\000e\000n\000e\000r\000a\000t\000i\000o\000n\000\040\000P\000r\000o\000j\000e\000c\000t\000:\000\040\000R\000e\000w\000i\000l\000d\000i\000n\000g\000\040\000R\000i\000t\000u\000a\000l\000\040\000f\000o\000r\000\040\000T\000r\000u\000s\000t\000\040\000R\000e\000c\000o\000v\000e\000r\000y}{chapter.9}% 56
\BOOKMARK [0][-]{chapter.10}{\376\377\000A\000n\000a\000t\000o\000m\000y\000\040\000o\000f\000\040\000T\000r\000u\000s\000t\000\040\000C\000o\000l\000l\000a\000p\000s\000e}{}% 57
\BOOKMARK [1][-]{section.10.1}{\376\377\000T\000h\000e\000\040\000P\000o\000i\000n\000t\000e\000r\000\040\000S\000y\000s\000t\000e\000m\000\040\000F\000a\000i\000l\000u\000r\000e\000\040\000F\000r\000a\000m\000e\000w\000o\000r\000k}{chapter.10}% 58
\BOOKMARK [1][-]{section.10.2}{\376\377\0001\000.\000\040\000I\000n\000i\000t\000i\000a\000l\000\040\000D\000i\000s\000t\000o\000r\000t\000i\000o\000n\000s\000:\000\040\000T\000h\000e\000\040\000P\000o\000i\000n\000t\000e\000r\000\040\000D\000r\000i\000f\000t}{chapter.10}% 59
\BOOKMARK [1][-]{section.10.3}{\376\377\0002\000.\000\040\000F\000a\000l\000s\000e\000\040\000A\000b\000u\000n\000d\000a\000n\000c\000e\000:\000\040\000P\000o\000i\000n\000t\000e\000r\000\040\000P\000r\000o\000l\000i\000f\000e\000r\000a\000t\000i\000o\000n\000\040\000W\000i\000t\000h\000o\000u\000t\000\040\000V\000a\000l\000u\000e}{chapter.10}% 60
\BOOKMARK [1][-]{section.10.4}{\376\377\0003\000.\000\040\000M\000o\000r\000a\000l\000\040\000D\000e\000g\000r\000a\000d\000a\000t\000i\000o\000n\000:\000\040\000W\000h\000e\000n\000\040\000P\000o\000i\000n\000t\000e\000r\000\040\000C\000o\000n\000t\000r\000o\000l\000l\000e\000r\000s\000\040\000C\000o\000r\000r\000u\000p\000t}{chapter.10}% 61
\BOOKMARK [1][-]{section.10.5}{\376\377\0004\000.\000\040\000I\000n\000f\000o\000r\000m\000a\000t\000i\000o\000n\000\040\000C\000h\000a\000o\000s\000:\000\040\000W\000h\000e\000n\000\040\000M\000u\000l\000t\000i\000p\000l\000e\000\040\000P\000o\000i\000n\000t\000e\000r\000\040\000S\000y\000s\000t\000e\000m\000s\000\040\000C\000o\000m\000p\000e\000t\000e}{chapter.10}% 62
\BOOKMARK [1][-]{section.10.6}{\376\377\0005\000.\000\040\000O\000v\000e\000r\000-\000L\000e\000v\000e\000r\000a\000g\000e\000d\000\040\000P\000o\000i\000n\000t\000e\000r\000s\000:\000\040\000W\000h\000e\000n\000\040\000M\000e\000a\000s\000u\000r\000e\000m\000e\000n\000t\000\040\000E\000x\000c\000e\000e\000d\000s\000\040\000R\000e\000a\000l\000i\000t\000y}{chapter.10}% 63
\BOOKMARK [1][-]{section.10.7}{\376\377\0006\000.\000\040\000G\000a\000m\000i\000n\000g\000\040\000t\000h\000e\000\040\000G\000a\000u\000g\000e\000s\000:\000\040\000P\000o\000i\000n\000t\000e\000r\000\040\000M\000a\000n\000i\000p\000u\000l\000a\000t\000i\000o\000n}{chapter.10}% 64
\BOOKMARK [1][-]{section.10.8}{\376\377\000S\000u\000m\000m\000a\000r\000y\000:\000\040\000P\000o\000i\000n\000t\000e\000r\000\040\000F\000a\000i\000l\000u\000r\000e\000,\000\040\000N\000o\000t\000\040\000V\000a\000l\000u\000e\000\040\000D\000e\000s\000t\000r\000u\000c\000t\000i\000o\000n}{chapter.10}% 65
\BOOKMARK [1][-]{section.10.9}{\376\377\000P\000a\000r\000t\000\040\000I\000I\000:\000\040\000T\000h\000e\000\040\000D\000e\000c\000a\000y\000\040\000M\000e\000c\000h\000a\000n\000i\000c\000s\000\040\000D\000u\000r\000i\000n\000g\000\040\000P\000o\000i\000n\000t\000e\000r\000\040\000F\000a\000i\000l\000u\000r\000e}{chapter.10}% 66
\BOOKMARK [0][-]{chapter.11}{\376\377\000R\000e\000d\000e\000m\000p\000t\000i\000o\000n\000\040\000D\000y\000n\000a\000m\000i\000c\000s}{}% 67
\BOOKMARK [0][-]{chapter.12}{\376\377\000S\000y\000s\000t\000e\000m\000i\000c\000\040\000C\000o\000l\000l\000a\000p\000s\000e}{}% 68
\BOOKMARK [0][-]{chapter.13}{\376\377\000R\000e\000g\000e\000n\000e\000r\000a\000t\000i\000v\000e\000\040\000D\000e\000s\000i\000g\000n}{}% 69
\BOOKMARK [0][-]{chapter.14}{\376\377\000T\000h\000e\000\040\000W\000e\000i\000g\000h\000t\000\040\000o\000f\000\040\000W\000e\000a\000l\000t\000h}{}% 70
\BOOKMARK [0][-]{chapter.15}{\376\377\000C\000o\000l\000l\000e\000c\000t\000i\000v\000i\000s\000m\000\040\000v\000s\000.\000\040\000I\000n\000d\000i\000v\000i\000d\000u\000a\000l\000i\000s\000m}{}% 71
\BOOKMARK [0][-]{chapter.16}{\376\377\000P\000e\000r\000s\000o\000n\000a\000l\000\040\000A\000c\000t\000i\000o\000n}{}% 72
\BOOKMARK [0][-]{chapter.17}{\376\377\000T\000h\000e\000\040\000B\000i\000t\000c\000o\000i\000n\000\040\000R\000e\000v\000o\000l\000u\000t\000i\000o\000n}{}% 73
\BOOKMARK [1][-]{section.17.1}{\376\377\000K\000e\000y\000\040\000C\000o\000n\000c\000e\000p\000t\000s}{chapter.17}% 74
\BOOKMARK [1][-]{section.17.2}{\376\377\000I\000n\000t\000r\000o\000d\000u\000c\000t\000i\000o\000n\000:\000\040\000T\000h\000e\000\040\000M\000o\000s\000t\000\040\000M\000i\000s\000u\000n\000d\000e\000r\000s\000t\000o\000o\000d\000\040\000R\000e\000v\000o\000l\000u\000t\000i\000o\000n}{chapter.17}% 75
\BOOKMARK [1][-]{section.17.3}{\376\377\000T\000h\000e\000\040\000D\000i\000g\000i\000t\000a\000l\000\040\000S\000c\000a\000r\000c\000i\000t\000y\000\040\000B\000r\000e\000a\000k\000t\000h\000r\000o\000u\000g\000h}{chapter.17}% 76
\BOOKMARK [1][-]{section.17.4}{\376\377\000T\000h\000e\000\040\000U\000l\000t\000i\000m\000a\000t\000e\000\040\000S\000e\000c\000u\000r\000i\000t\000y\000\040\000V\000a\000u\000l\000t}{chapter.17}% 77
\BOOKMARK [1][-]{section.17.5}{\376\377\000T\000h\000e\000\040\000N\000e\000t\000w\000o\000r\000k\000\040\000E\000f\000f\000e\000c\000t\000s\000:\000\040\000G\000e\000n\000u\000i\000n\000e\000\040\000V\000a\000l\000u\000e\000\040\000C\000r\000e\000a\000t\000i\000o\000n}{chapter.17}% 78
\BOOKMARK [1][-]{section.17.6}{\376\377\000A\000d\000d\000r\000e\000s\000s\000i\000n\000g\000\040\000S\000k\000e\000p\000t\000i\000c\000\040\000C\000o\000n\000c\000e\000r\000n\000s\000\040\000T\000h\000r\000o\000u\000g\000h\000\040\000D\000S\000E\000T\000\040\000L\000e\000n\000s}{chapter.17}% 79
\BOOKMARK [1][-]{section.17.7}{\376\377\000T\000h\000e\000\040\000F\000l\000a\000s\000h\000l\000i\000g\000h\000t\000\040\000D\000a\000n\000c\000e\000:\000\040\000B\000i\000t\000c\000o\000i\000n\000\040\000v\000s\000.\000\040\000T\000r\000a\000d\000i\000t\000i\000o\000n\000a\000l\000\040\000M\000o\000n\000e\000y}{chapter.17}% 80
\BOOKMARK [1][-]{section.17.8}{\376\377\000C\000e\000n\000t\000r\000a\000l\000\040\000B\000a\000n\000k\000\040\000D\000i\000g\000i\000t\000a\000l\000\040\000C\000u\000r\000r\000e\000n\000c\000i\000e\000s\000\040\000\050\000C\000B\000D\000C\000s\000\051\000\040\000v\000s\000.\000\040\000B\000i\000t\000c\000o\000i\000n}{chapter.17}% 81
\BOOKMARK [1][-]{section.17.9}{\376\377\000T\000h\000e\000\040\000E\000n\000e\000r\000g\000y\000\040\000D\000e\000b\000a\000t\000e\000:\000\040\000S\000e\000c\000u\000r\000i\000t\000y\000\040\000C\000o\000s\000t\000s\000\040\000v\000s\000.\000\040\000E\000n\000v\000i\000r\000o\000n\000m\000e\000n\000t\000a\000l\000\040\000C\000o\000n\000c\000e\000r\000n\000s}{chapter.17}% 82
\BOOKMARK [1][-]{section.17.10}{\376\377\000B\000i\000t\000c\000o\000i\000n\000\040\000i\000n\000\040\000t\000h\000e\000\040\000M\000u\000l\000t\000i\000-\000P\000o\000l\000a\000r\000\040\000F\000u\000t\000u\000r\000e}{chapter.17}% 83
\BOOKMARK [1][-]{section.17.11}{\376\377\000T\000h\000e\000\040\000C\000o\000n\000s\000e\000r\000v\000a\000t\000i\000v\000e\000\040\000C\000a\000s\000e\000\040\000f\000o\000r\000\040\000B\000i\000t\000c\000o\000i\000n}{chapter.17}% 84
\BOOKMARK [1][-]{section.17.12}{\376\377\000C\000o\000n\000c\000l\000u\000s\000i\000o\000n\000:\000\040\000B\000i\000t\000c\000o\000i\000n\000\040\000T\000h\000r\000o\000u\000g\000h\000\040\000t\000h\000e\000\040\000D\000S\000E\000T\000\040\000L\000e\000n\000s}{chapter.17}% 85
\BOOKMARK [1][-]{section.17.13}{\376\377\000P\000r\000o\000g\000n\000o\000s\000t\000i\000c\000a\000t\000i\000o\000n\000s\000:\000\040\000W\000h\000a\000t\000\040\000D\000o\000e\000s\000\040\000D\000S\000E\000T\000\040\000P\000r\000e\000d\000i\000c\000t\000\040\000f\000o\000r\000\040\000B\000i\000t\000c\000o\000i\000n\000'\000s\000\040\000F\000u\000t\000u\000r\000e\000?}{chapter.17}% 86
