\BOOKMARK [0][-]{chapter*.1}{\376\377\000A\000b\000s\000t\000r\000a\000c\000t}{}% 1
\BOOKMARK [1][-]{section.0.1}{\376\377\000A\000b\000s\000t\000r\000a\000c\000t}{chapter*.1}% 2
\BOOKMARK [0][-]{chapter*.2}{\376\377\000I\000n\000t\000r\000o\000d\000u\000c\000t\000i\000o\000n}{}% 3
\BOOKMARK [1][-]{section.0.2}{\376\377\000A\000\040\000R\000a\000d\000i\000c\000a\000l\000\040\000R\000e\000f\000r\000a\000m\000i\000n\000g\000\040\000o\000f\000\040\000E\000c\000o\000n\000o\000m\000i\000c\000s\000\040\000a\000s\000\040\000T\000r\000u\000s\000t\000\040\000P\000h\000y\000s\000i\000c\000s}{chapter*.2}% 4
\BOOKMARK [1][-]{section.0.3}{\376\377\000T\000h\000e\000\040\000M\000o\000r\000a\000l\000-\000M\000a\000t\000e\000r\000i\000a\000l\000\040\000U\000n\000i\000t\000y}{chapter*.2}% 5
\BOOKMARK [1][-]{section.0.4}{\376\377\000A\000\040\000R\000e\000d\000e\000m\000p\000t\000i\000o\000n\000\040\000F\000r\000a\000m\000e\000w\000o\000r\000k}{chapter*.2}% 6
\BOOKMARK [1][-]{section.0.5}{\376\377\000A\000\040\000S\000c\000a\000l\000e\000-\000I\000n\000v\000a\000r\000i\000a\000n\000t\000\040\000A\000r\000c\000h\000i\000t\000e\000c\000t\000u\000r\000e}{chapter*.2}% 7
\BOOKMARK [1][-]{section.0.6}{\376\377\000T\000e\000m\000p\000o\000r\000a\000l\000\040\000I\000n\000t\000e\000g\000r\000a\000t\000i\000o\000n}{chapter*.2}% 8
\BOOKMARK [1][-]{section.0.7}{\376\377\000P\000r\000a\000c\000t\000i\000c\000a\000l\000\040\000M\000y\000s\000t\000i\000c\000i\000s\000m}{chapter*.2}% 9
\BOOKMARK [1][-]{section.0.8}{\376\377\000W\000h\000y\000\040\000T\000h\000i\000s\000\040\000M\000a\000t\000t\000e\000r\000s\000\040\000N\000o\000w}{chapter*.2}% 10
\BOOKMARK [1][-]{section.0.9}{\376\377\000T\000h\000e\000\040\000S\000y\000n\000t\000h\000e\000s\000i\000s\000\040\000A\000c\000h\000i\000e\000v\000e\000m\000e\000n\000t}{chapter*.2}% 11
\BOOKMARK [1][-]{section.0.10}{\376\377\000C\000o\000u\000r\000a\000g\000e\000\040\000o\000f\000\040\000t\000h\000e\000\040\000F\000r\000a\000m\000e\000w\000o\000r\000k}{chapter*.2}% 12
\BOOKMARK [1][-]{section.0.11}{\376\377\000T\000a\000k\000e\000a\000w\000a\000y}{chapter*.2}% 13
\BOOKMARK [0][-]{chapter.1}{\376\377\000\040\000F\000o\000u\000n\000d\000a\000t\000i\000o\000n\000s\000\040\000o\000f\000\040\000t\000h\000e\000\040\000D\000u\000a\000l\000-\000S\000t\000a\000t\000e\000\040\000V\000a\000l\000u\000e\000\040\000T\000h\000e\000o\000r\000y}{}% 14
\BOOKMARK [1][-]{section.1.1}{\376\377\000K\000e\000y\000\040\000C\000o\000n\000c\000e\000p\000t\000s}{chapter.1}% 15
\BOOKMARK [1][-]{section.1.2}{\376\377\000I\000n\000t\000r\000o\000d\000u\000c\000t\000i\000o\000n}{chapter.1}% 16
\BOOKMARK [1][-]{section.1.3}{\376\377\000T\000h\000e\000\040\000D\000u\000a\000l\000-\000S\000t\000a\000t\000e\000\040\000F\000r\000a\000m\000e\000w\000o\000r\000k}{chapter.1}% 17
\BOOKMARK [1][-]{section.1.4}{\376\377\000T\000h\000e\000\040\000G\000o\000l\000d\000\040\000P\000a\000r\000a\000d\000o\000x}{chapter.1}% 18
\BOOKMARK [1][-]{section.1.5}{\376\377\000T\000r\000u\000s\000t\000\040\000a\000s\000\040\000B\000i\000n\000d\000i\000n\000g\000\040\000E\000n\000e\000r\000g\000y}{chapter.1}% 19
\BOOKMARK [1][-]{section.1.6}{\376\377\000T\000h\000e\000\040\000N\000o\000n\000-\000N\000e\000u\000t\000r\000a\000l\000i\000t\000y\000\040\000o\000f\000\040\000M\000o\000n\000e\000y}{chapter.1}% 20
\BOOKMARK [1][-]{section.1.7}{\376\377\000V\000a\000l\000u\000e\000\040\000C\000o\000n\000s\000e\000r\000v\000a\000t\000i\000o\000n\000\040\000a\000n\000d\000\040\000D\000i\000s\000t\000o\000r\000t\000i\000o\000n}{chapter.1}% 21
\BOOKMARK [1][-]{section.1.8}{\376\377\000C\000o\000l\000l\000a\000p\000s\000e\000\040\000a\000n\000d\000\040\000R\000e\000d\000e\000m\000p\000t\000i\000o\000n}{chapter.1}% 22
\BOOKMARK [1][-]{section.1.9}{\376\377\000F\000o\000u\000n\000d\000a\000t\000i\000o\000n\000a\000l\000\040\000A\000x\000i\000o\000m\000s}{chapter.1}% 23
\BOOKMARK [0][-]{chapter.2}{\376\377\000\040\000T\000h\000e\000\040\000T\000r\000u\000s\000t\000-\000V\000a\000l\000u\000e\000\040\000E\000n\000g\000i\000n\000e}{}% 24
\BOOKMARK [1][-]{section.2.1}{\376\377\000K\000e\000y\000\040\000C\000o\000n\000c\000e\000p\000t\000s}{chapter.2}% 25
\BOOKMARK [1][-]{section.2.2}{\376\377\000T\000h\000e\000\040\000T\000r\000u\000s\000t\000-\000V\000a\000l\000u\000e\000\040\000B\000a\000l\000a\000n\000c\000e\000\040\000S\000h\000e\000e\000t}{chapter.2}% 26
\BOOKMARK [1][-]{section.2.3}{\376\377\000D\000y\000n\000a\000m\000i\000c\000\040\000V\000a\000l\000u\000e\000\040\000C\000r\000e\000a\000t\000i\000o\000n}{chapter.2}% 27
\BOOKMARK [1][-]{section.2.4}{\376\377\000T\000h\000e\000\040\000V\000a\000l\000u\000a\000t\000i\000o\000n\000\040\000S\000t\000a\000t\000e\000\040\000F\000u\000n\000c\000t\000i\000o\000n\000\040\000\050\000V\000S\000F\000\051}{chapter.2}% 28
\BOOKMARK [1][-]{section.2.5}{\376\377\000B\000e\000y\000o\000n\000d\000\040\000E\000c\000o\000n\000o\000m\000i\000c\000s\000:\000\040\000M\000o\000r\000a\000l\000-\000E\000c\000o\000n\000o\000m\000i\000c\000\040\000S\000y\000m\000m\000e\000t\000r\000y}{chapter.2}% 29
\BOOKMARK [1][-]{section.2.6}{\376\377\000S\000y\000s\000t\000e\000m\000\040\000F\000e\000e\000d\000b\000a\000c\000k\000\040\000L\000o\000o\000p\000s}{chapter.2}% 30
\BOOKMARK [0][-]{chapter.3}{\376\377\000\040\000T\000h\000e\000\040\000L\000i\000f\000e\000c\000y\000c\000l\000e\000\040\000o\000f\000\040\000V\000a\000l\000u\000e}{}% 31
\BOOKMARK [1][-]{section.3.1}{\376\377\000K\000e\000y\000\040\000C\000o\000n\000c\000e\000p\000t\000s}{chapter.3}% 32
\BOOKMARK [1][-]{section.3.2}{\376\377\000I\000n\000t\000r\000o\000d\000u\000c\000t\000i\000o\000n}{chapter.3}% 33
\BOOKMARK [1][-]{section.3.3}{\376\377\000G\000e\000n\000e\000s\000i\000s\000:\000\040\000T\000h\000e\000\040\000B\000i\000r\000t\000h\000\040\000o\000f\000\040\000P\000o\000t\000e\000n\000t\000i\000a\000l\000\040\000V\000a\000l\000u\000e}{chapter.3}% 34
\BOOKMARK [1][-]{section.3.4}{\376\377\000K\000i\000n\000e\000t\000i\000c\000\040\000P\000h\000a\000s\000e\000:\000\040\000V\000a\000l\000u\000e\000\040\000i\000n\000\040\000M\000o\000t\000i\000o\000n}{chapter.3}% 35
\BOOKMARK [1][-]{section.3.5}{\376\377\000R\000e\000t\000u\000r\000n\000\040\000t\000o\000\040\000P\000o\000t\000e\000n\000t\000i\000a\000l\000:\000\040\000T\000h\000e\000\040\000C\000y\000c\000l\000e\000\040\000C\000o\000n\000t\000i\000n\000u\000e\000s}{chapter.3}% 36
\BOOKMARK [1][-]{section.3.6}{\376\377\000F\000a\000i\000l\000u\000r\000e\000\040\000M\000o\000d\000e\000s}{chapter.3}% 37
\BOOKMARK [1][-]{section.3.7}{\376\377\000T\000h\000e\000\040\000T\000e\000m\000p\000o\000r\000a\000l\000\040\000N\000a\000t\000u\000r\000e\000\040\000o\000f\000\040\000V\000a\000l\000u\000e}{chapter.3}% 38
\BOOKMARK [0][-]{chapter.4}{\376\377\000\040\000F\000l\000o\000w\000\040\000M\000e\000c\000h\000a\000n\000i\000c\000s}{}% 39
\BOOKMARK [1][-]{section.4.1}{\376\377\000K\000e\000y\000\040\000C\000o\000n\000c\000e\000p\000t\000s}{chapter.4}% 40
\BOOKMARK [1][-]{section.4.2}{\376\377\000C\000o\000l\000l\000e\000c\000t\000i\000v\000i\000s\000m\000\040\000v\000s\000.\000\040\000I\000n\000d\000i\000v\000i\000d\000u\000a\000l\000i\000s\000m\000\040\000a\000n\000d\000\040\000t\000h\000e\000\040\000P\000o\000l\000i\000t\000i\000c\000s\000\040\000o\000f\000\040\000T\000r\000u\000s\000t}{chapter.4}% 41
\BOOKMARK [1][-]{section.4.3}{\376\377\000F\000l\000o\000w\000\040\000M\000e\000c\000h\000a\000n\000i\000c\000s\040\024\000T\000r\000u\000s\000t\000\040\000i\000n\000\040\000M\000o\000t\000i\000o\000n}{chapter.4}% 42
\BOOKMARK [0][-]{chapter.5}{\376\377\000\040\000M\000e\000m\000o\000r\000y\000\040\000a\000n\000d\000\040\000M\000o\000m\000e\000n\000t\000u\000m}{}% 43
\BOOKMARK [1][-]{section.5.1}{\376\377\000K\000e\000y\000\040\000C\000a\000s\000e\000\040\000S\000t\000u\000d\000i\000e\000s}{chapter.5}% 44
\BOOKMARK [1][-]{section.5.2}{\376\377\000M\000e\000m\000o\000r\000y\000\040\000a\000n\000d\000\040\000M\000o\000m\000e\000n\000t\000u\000m\040\024\000V\000a\000l\000u\000e\000\040\000a\000s\000\040\000I\000n\000h\000e\000r\000i\000t\000e\000d\000\040\000T\000r\000u\000s\000t}{chapter.5}% 45
\BOOKMARK [0][-]{chapter.6}{\376\377\000\040\000S\000c\000a\000r\000c\000i\000t\000y\000\040\000a\000n\000d\000\040\000A\000b\000u\000n\000d\000a\000n\000c\000e}{}% 46
\BOOKMARK [1][-]{section.6.1}{\376\377\000I\000n\000t\000r\000o\000d\000u\000c\000t\000i\000o\000n}{chapter.6}% 47
\BOOKMARK [0][-]{chapter.7}{\376\377\000\040\000N\000a\000r\000r\000a\000t\000i\000v\000e\000\040\000a\000n\000d\000\040\000M\000e\000a\000n\000i\000n\000g}{}% 48
\BOOKMARK [1][-]{section.7.1}{\376\377\000K\000e\000y\000\040\000C\000o\000n\000c\000e\000p\000t\000s}{chapter.7}% 49
\BOOKMARK [0][-]{chapter.8}{\376\377\000\040\000S\000y\000s\000t\000e\000m\000s\000\040\000o\000f\000\040\000A\000c\000c\000o\000u\000n\000t\000a\000b\000i\000l\000i\000t\000y}{}% 50
\BOOKMARK [1][-]{section.8.1}{\376\377\000K\000e\000y\000\040\000C\000o\000n\000c\000e\000p\000t\000s}{chapter.8}% 51
\BOOKMARK [0][-]{chapter.9}{\376\377\000\040\000R\000i\000t\000u\000a\000l\000\040\000a\000n\000d\000\040\000S\000y\000m\000b\000o\000l}{}% 52
\BOOKMARK [0][-]{chapter.10}{\376\377\000:\000\040\000A\000n\000a\000t\000o\000m\000y\000\040\000o\000f\000\040\000T\000r\000u\000s\000t\000\040\000C\000o\000l\000l\000a\000p\000s\000e}{}% 53
\BOOKMARK [0][-]{chapter.11}{\376\377\000:\000\040\000R\000e\000d\000e\000m\000p\000t\000i\000o\000n\000\040\000D\000y\000n\000a\000m\000i\000c\000s}{}% 54
\BOOKMARK [0][-]{chapter.12}{\376\377\000:\000\040\000S\000y\000s\000t\000e\000m\000i\000c\000\040\000C\000o\000l\000l\000a\000p\000s\000e}{}% 55
\BOOKMARK [0][-]{chapter.13}{\376\377\000:\000\040\000R\000e\000g\000e\000n\000e\000r\000a\000t\000i\000v\000e\000\040\000D\000e\000s\000i\000g\000n}{}% 56
\BOOKMARK [0][-]{chapter.14}{\376\377\000:\000\040\000T\000h\000e\000\040\000W\000e\000i\000g\000h\000t\000\040\000o\000f\000\040\000W\000e\000a\000l\000t\000h}{}% 57
\BOOKMARK [0][-]{chapter.15}{\376\377\000:\000\040\000C\000o\000l\000l\000e\000c\000t\000i\000v\000i\000s\000m\000\040\000v\000s\000.\000\040\000I\000n\000d\000i\000v\000i\000d\000u\000a\000l\000i\000s\000m}{}% 58
\BOOKMARK [0][-]{chapter.16}{\376\377\000:\000\040\000P\000e\000r\000s\000o\000n\000a\000l\000\040\000A\000c\000t\000i\000o\000n}{}% 59
\BOOKMARK [0][-]{chapter.17}{\376\377\000:\000\040\000T\000h\000e\000o\000l\000o\000g\000y\000\040\000o\000f\000\040\000V\000a\000l\000u\000e}{}% 60
\BOOKMARK [1][-]{section.17.1}{\376\377\000K\000e\000y\000\040\000C\000o\000n\000c\000e\000p\000t\000s}{chapter.17}% 61
\BOOKMARK [0][-]{appendix.A}{\376\377\000\040\000M\000a\000t\000h\000e\000m\000a\000t\000i\000c\000a\000l\000\040\000F\000o\000r\000m\000a\000l\000i\000s\000m}{}% 62
\BOOKMARK [1][-]{section.A.1}{\376\377\0001\000.\000\040\000I\000n\000t\000r\000o\000d\000u\000c\000t\000i\000o\000n}{appendix.A}% 63
\BOOKMARK [1][-]{section.A.2}{\376\377\0002\000.\000\040\000P\000r\000i\000m\000i\000t\000i\000v\000e\000\040\000C\000o\000n\000c\000e\000p\000t\000s\000\040\000a\000n\000d\000\040\000A\000x\000i\000o\000m\000s}{appendix.A}% 64
\BOOKMARK [1][-]{section.A.3}{\376\377\0003\000.\000\040\000T\000h\000e\000\040\000D\000u\000a\000l\000-\000S\000t\000a\000t\000e\000\040\000M\000o\000d\000e\000l}{appendix.A}% 65
\BOOKMARK [1][-]{section.A.4}{\376\377\0004\000.\000\040\000T\000r\000u\000s\000t\000\040\000T\000r\000a\000n\000s\000f\000e\000r\000\040\000D\000y\000n\000a\000m\000i\000c\000s}{appendix.A}% 66
\BOOKMARK [1][-]{section.A.5}{\376\377\0005\000.\000\040\000E\000q\000u\000i\000l\000i\000b\000r\000i\000u\000m\000\040\000C\000o\000n\000d\000i\000t\000i\000o\000n\000s}{appendix.A}% 67
\BOOKMARK [1][-]{section.A.6}{\376\377\0006\000.\000\040\000C\000o\000l\000l\000a\000p\000s\000e\000\040\000a\000n\000d\000\040\000R\000e\000n\000e\000w\000a\000l\000\040\000D\000y\000n\000a\000m\000i\000c\000s}{appendix.A}% 68
\BOOKMARK [1][-]{section.A.7}{\376\377\0007\000.\000\040\000W\000e\000l\000f\000a\000r\000e\000\040\000I\000m\000p\000l\000i\000c\000a\000t\000i\000o\000n\000s}{appendix.A}% 69
\BOOKMARK [1][-]{section.A.8}{\376\377\0008\000.\000\040\000E\000m\000p\000i\000r\000i\000c\000a\000l\000\040\000P\000r\000e\000d\000i\000c\000t\000i\000o\000n\000s}{appendix.A}% 70
\BOOKMARK [1][-]{section.A.9}{\376\377\0009\000.\000\040\000E\000x\000t\000e\000n\000s\000i\000o\000n\000s\000\040\000a\000n\000d\000\040\000A\000p\000p\000l\000i\000c\000a\000t\000i\000o\000n\000s}{appendix.A}% 71
\BOOKMARK [1][-]{section.A.10}{\376\377\0001\0000\000.\000\040\000C\000o\000n\000c\000l\000u\000s\000i\000o\000n}{appendix.A}% 72
